        -:    0:Source:dominion.c
        -:    0:Graph:dominion.gcno
        -:    0:Data:dominion.gcda
        -:    0:Runs:7
        -:    0:Programs:7
        -:    1:#include "dominion.h"
        -:    2:#include "dominion_helpers.h"
        -:    3:#include "rngs.h"
        -:    4:#include <stdio.h>
        -:    5:#include <math.h>
        -:    6:#include <stdlib.h>
        -:    7:
function compare called 219 returned 100% blocks executed 100%
      219:    8:int compare(const void* a, const void* b) {
      219:    9:  if (*(int*)a > *(int*)b)
branch  0 taken 1% (fallthrough)
branch  1 taken 99%
        2:   10:    return 1;
      217:   11:  if (*(int*)a < *(int*)b)
branch  0 taken 27% (fallthrough)
branch  1 taken 73%
       59:   12:    return -1;
      158:   13:  return 0;
        -:   14:}
        -:   15:
function newGame called 0 returned 0% blocks executed 0%
    #####:   16:struct gameState* newGame() {
    #####:   17:  struct gameState* g = malloc(sizeof(struct gameState));
    #####:   18:  return g;
        -:   19:}
        -:   20:
function kingdomCards called 0 returned 0% blocks executed 0%
    #####:   21:int* kingdomCards(int k1, int k2, int k3, int k4, int k5, int k6, int k7,
        -:   22:		  int k8, int k9, int k10) {
    #####:   23:  int* k = malloc(10 * sizeof(int));
    #####:   24:  k[0] = k1;
    #####:   25:  k[1] = k2;
    #####:   26:  k[2] = k3;
    #####:   27:  k[3] = k4;
    #####:   28:  k[4] = k5;
    #####:   29:  k[5] = k6;
    #####:   30:  k[6] = k7;
    #####:   31:  k[7] = k8;
    #####:   32:  k[8] = k9;
    #####:   33:  k[9] = k10;
    #####:   34:  return k;
        -:   35:}
        -:   36:
function initializeGame called 7 returned 100% blocks executed 88%
        7:   37:int initializeGame(int numPlayers, int kingdomCards[10], int randomSeed,
        -:   38:		   struct gameState *state) {
        -:   39:
        -:   40:  int i;
        -:   41:  int j;
        -:   42:  int it;			
        -:   43:  //set up random number generator
        7:   44:  SelectStream(1);
call    0 returned 100%
        7:   45:  PutSeed((long)randomSeed);
call    0 returned 100%
        -:   46:  
        -:   47:  //check number of players
        7:   48:  if (numPlayers > MAX_PLAYERS || numPlayers < 2)
branch  0 taken 100% (fallthrough)
branch  1 taken 0%
branch  2 taken 0% (fallthrough)
branch  3 taken 100%
        -:   49:    {
    #####:   50:      return -1;
        -:   51:    }
        -:   52:
        -:   53:  //set number of players
        7:   54:  state->numPlayers = numPlayers;
        -:   55:
        -:   56:  //check selected kingdom cards are different
       77:   57:  for (i = 0; i < 10; i++)
branch  0 taken 91%
branch  1 taken 9% (fallthrough)
        -:   58:    {
      770:   59:      for (j = 0; j < 10; j++)
branch  0 taken 91%
branch  1 taken 9% (fallthrough)
        -:   60:        {
      700:   61:	  if (j != i && kingdomCards[j] == kingdomCards[i])
branch  0 taken 90% (fallthrough)
branch  1 taken 10%
branch  2 taken 0% (fallthrough)
branch  3 taken 100%
        -:   62:	    {
    #####:   63:	      return -1;
        -:   64:	    }
        -:   65:        }
        -:   66:    }
        -:   67:
        -:   68:
        -:   69:  //initialize supply
        -:   70:  ///////////////////////////////
        -:   71:
        -:   72:  //set number of Curse cards
        7:   73:  if (numPlayers == 2)
branch  0 taken 100% (fallthrough)
branch  1 taken 0%
        -:   74:    {
        7:   75:      state->supplyCount[curse] = 10;
        -:   76:    }
    #####:   77:  else if (numPlayers == 3)
branch  0 never executed
branch  1 never executed
        -:   78:    {
    #####:   79:      state->supplyCount[curse] = 20;
        -:   80:    }
        -:   81:  else
        -:   82:    {
    #####:   83:      state->supplyCount[curse] = 30;
        -:   84:    }
        -:   85:
        -:   86:  //set number of Victory cards
        7:   87:  if (numPlayers == 2)
branch  0 taken 100% (fallthrough)
branch  1 taken 0%
        -:   88:    {
        7:   89:      state->supplyCount[estate] = 8;
        7:   90:      state->supplyCount[duchy] = 8;
        7:   91:      state->supplyCount[province] = 8;
        -:   92:    }
        -:   93:  else
        -:   94:    {
    #####:   95:      state->supplyCount[estate] = 12;
    #####:   96:      state->supplyCount[duchy] = 12;
    #####:   97:      state->supplyCount[province] = 12;
        -:   98:    }
        -:   99:
        -:  100:  //set number of Treasure cards
        7:  101:  state->supplyCount[copper] = 60 - (7 * numPlayers);
        7:  102:  state->supplyCount[silver] = 40;
        7:  103:  state->supplyCount[gold] = 30;
        -:  104:
        -:  105:  //set number of Kingdom cards
      147:  106:  for (i = adventurer; i <= treasure_map; i++)       	//loop all cards
branch  0 taken 95%
branch  1 taken 5% (fallthrough)
        -:  107:    {
     1155:  108:      for (j = 0; j < 10; j++)           		//loop chosen cards
branch  0 taken 94%
branch  1 taken 6% (fallthrough)
        -:  109:	{
     1085:  110:	  if (kingdomCards[j] == i)
branch  0 taken 6% (fallthrough)
branch  1 taken 94%
        -:  111:	    {
        -:  112:	      //check if card is a 'Victory' Kingdom card
       70:  113:	      if (kingdomCards[j] == great_hall || kingdomCards[j] == gardens)
branch  0 taken 90% (fallthrough)
branch  1 taken 10%
branch  2 taken 11% (fallthrough)
branch  3 taken 89%
        -:  114:		{
       28:  115:		  if (numPlayers == 2){ 
branch  0 taken 100% (fallthrough)
branch  1 taken 0%
       14:  116:		    state->supplyCount[i] = 8; 
        -:  117:		  }
    #####:  118:		  else{ state->supplyCount[i] = 12; }
        -:  119:		}
        -:  120:	      else
        -:  121:		{
       56:  122:		  state->supplyCount[i] = 10;
        -:  123:		}
       70:  124:	      break;
        -:  125:	    }
        -:  126:	  else    //card is not in the set choosen for the game
        -:  127:	    {
     1015:  128:	      state->supplyCount[i] = -1;
        -:  129:	    }
        -:  130:	}
        -:  131:
        -:  132:    }
        -:  133:
        -:  134:  ////////////////////////
        -:  135:  //supply intilization complete
        -:  136:
        -:  137:  //set player decks
       21:  138:  for (i = 0; i < numPlayers; i++)
branch  0 taken 67%
branch  1 taken 33% (fallthrough)
        -:  139:    {
       14:  140:      state->deckCount[i] = 0;
       56:  141:      for (j = 0; j < 3; j++)
branch  0 taken 75%
branch  1 taken 25% (fallthrough)
        -:  142:	{
       42:  143:	  state->deck[i][j] = estate;
       42:  144:	  state->deckCount[i]++;
        -:  145:	}
      112:  146:      for (j = 3; j < 10; j++)
branch  0 taken 88%
branch  1 taken 13% (fallthrough)
        -:  147:	{
       98:  148:	  state->deck[i][j] = copper;
       98:  149:	  state->deckCount[i]++;		
        -:  150:	}
        -:  151:    }
        -:  152:
        -:  153:  //shuffle player decks
       21:  154:  for (i = 0; i < numPlayers; i++)
branch  0 taken 67%
branch  1 taken 33% (fallthrough)
        -:  155:    {
       14:  156:      if ( shuffle(i, state) < 0 )
call    0 returned 100%
branch  1 taken 0% (fallthrough)
branch  2 taken 100%
        -:  157:	{
    #####:  158:	  return -1;
        -:  159:	}
        -:  160:    }
        -:  161:
        -:  162:  //draw player hands
       21:  163:  for (i = 0; i < numPlayers; i++)
branch  0 taken 67%
branch  1 taken 33% (fallthrough)
        -:  164:    {  
        -:  165:      //initialize hand size to zero
       14:  166:      state->handCount[i] = 0;
       14:  167:      state->discardCount[i] = 0;
        -:  168:      //draw 5 cards
        -:  169:      // for (j = 0; j < 5; j++)
        -:  170:      //	{
        -:  171:      //	  drawCard(i, state);
        -:  172:      //	}
        -:  173:    }
        -:  174:  
        -:  175:  //set embargo tokens to 0 for all supply piles
      196:  176:  for (i = 0; i <= treasure_map; i++)
branch  0 taken 96%
branch  1 taken 4% (fallthrough)
        -:  177:    {
      189:  178:      state->embargoTokens[i] = 0;
        -:  179:    }
        -:  180:
        -:  181:  //initialize first player's turn
        7:  182:  state->outpostPlayed = 0;
        7:  183:  state->phase = 0;
        7:  184:  state->numActions = 1;
        7:  185:  state->numBuys = 1;
        7:  186:  state->playedCardCount = 0;
        7:  187:  state->whoseTurn = 0;
        7:  188:  state->handCount[state->whoseTurn] = 0;
        -:  189:  //int it; move to top
        -:  190:
        -:  191:  //Moved draw cards to here, only drawing at the start of a turn
       42:  192:  for (it = 0; it < 5; it++){
branch  0 taken 83%
branch  1 taken 17% (fallthrough)
       35:  193:    drawCard(state->whoseTurn, state);
call    0 returned 100%
        -:  194:  }
        -:  195:
        7:  196:  updateCoins(state->whoseTurn, state, 0);
call    0 returned 100%
        -:  197:
        7:  198:  return 0;
        -:  199:}
        -:  200:
function shuffle called 16 returned 100% blocks executed 94%
       16:  201:int shuffle(int player, struct gameState *state) {
        -:  202: 
        -:  203:
        -:  204:  int newDeck[MAX_DECK];
       16:  205:  int newDeckPos = 0;
        -:  206:  int card;
        -:  207:  int i;
        -:  208:
       16:  209:  if (state->deckCount[player] < 1)
branch  0 taken 0% (fallthrough)
branch  1 taken 100%
    #####:  210:    return -1;
       16:  211:  qsort ((void*)(state->deck[player]), state->deckCount[player], sizeof(int), compare); 
call    0 returned 100%
        -:  212:  /* SORT CARDS IN DECK TO ENSURE DETERMINISM! */
        -:  213:
      180:  214:  while (state->deckCount[player] > 0) {
branch  0 taken 90%
branch  1 taken 10% (fallthrough)
      148:  215:    card = floor(Random() * state->deckCount[player]);
call    0 returned 100%
      148:  216:    newDeck[newDeckPos] = state->deck[player][card];
      148:  217:    newDeckPos++;
      510:  218:    for (i = card; i < state->deckCount[player]-1; i++) {
branch  0 taken 71%
branch  1 taken 29% (fallthrough)
      362:  219:      state->deck[player][i] = state->deck[player][i+1];
        -:  220:    }
      148:  221:    state->deckCount[player]--;
        -:  222:  }
      164:  223:  for (i = 0; i < newDeckPos; i++) {
branch  0 taken 90%
branch  1 taken 10% (fallthrough)
      148:  224:    state->deck[player][i] = newDeck[i];
      148:  225:    state->deckCount[player]++;
        -:  226:  }
        -:  227:
       16:  228:  return 0;
        -:  229:}
        -:  230:
function playCard called 0 returned 0% blocks executed 0%
    #####:  231:int playCard(int handPos, int choice1, int choice2, int choice3, struct gameState *state) 
        -:  232:{	
        -:  233:  int card;
    #####:  234:  int coin_bonus = 0; 		//tracks coins gain from actions
        -:  235:
        -:  236:  //check if it is the right phase
    #####:  237:  if (state->phase != 0)
branch  0 never executed
branch  1 never executed
        -:  238:    {
    #####:  239:      return -1;
        -:  240:    }
        -:  241:	
        -:  242:  //check if player has enough actions
    #####:  243:  if ( state->numActions < 1 )
branch  0 never executed
branch  1 never executed
        -:  244:    {
    #####:  245:      return -1;
        -:  246:    }
        -:  247:	
        -:  248:  //get card played
    #####:  249:  card = handCard(handPos, state);
call    0 never executed
        -:  250:	
        -:  251:  //check if selected card is an action
    #####:  252:  if ( card < adventurer || card > treasure_map )
branch  0 never executed
branch  1 never executed
branch  2 never executed
branch  3 never executed
        -:  253:    {
    #####:  254:      return -1;
        -:  255:    }
        -:  256:	
        -:  257:  //play card
    #####:  258:  if ( cardEffect(card, choice1, choice2, choice3, state, handPos, &coin_bonus) < 0 )
call    0 never executed
branch  1 never executed
branch  2 never executed
        -:  259:    {
    #####:  260:      return -1;
        -:  261:    }
        -:  262:	
        -:  263:  //reduce number of actions
    #####:  264:  state->numActions--;
        -:  265:
        -:  266:  //update coins (Treasure cards may be added with card draws)
    #####:  267:  updateCoins(state->whoseTurn, state, coin_bonus);
call    0 never executed
        -:  268:	
    #####:  269:  return 0;
        -:  270:}
        -:  271:
function buyCard called 0 returned 0% blocks executed 0%
    #####:  272:int buyCard(int supplyPos, struct gameState *state) {
        -:  273:  int who;
        -:  274:  if (DEBUG){
        -:  275:    printf("Entering buyCard...\n");
        -:  276:  }
        -:  277:
        -:  278:  // I don't know what to do about the phase thing.
        -:  279:
    #####:  280:  who = state->whoseTurn;
        -:  281:
    #####:  282:  if (state->numBuys < 1){
branch  0 never executed
branch  1 never executed
        -:  283:    if (DEBUG)
        -:  284:      printf("You do not have any buys left\n");
    #####:  285:    return -1;
    #####:  286:  } else if (supplyCount(supplyPos, state) <1){
call    0 never executed
branch  1 never executed
branch  2 never executed
        -:  287:    if (DEBUG)
        -:  288:      printf("There are not any of that type of card left\n");
    #####:  289:    return -1;
    #####:  290:  } else if (state->coins < getCost(supplyPos)){
call    0 never executed
branch  1 never executed
branch  2 never executed
        -:  291:    if (DEBUG) 
        -:  292:      printf("You do not have enough money to buy that. You have %d coins.\n", state->coins);
    #####:  293:    return -1;
        -:  294:  } else {
    #####:  295:    state->phase=1;
        -:  296:    //state->supplyCount[supplyPos]--;
    #####:  297:    gainCard(supplyPos, state, 0, who); //card goes in discard, this might be wrong.. (2 means goes into hand, 0 goes into discard)
call    0 never executed
        -:  298:  
    #####:  299:    state->coins = (state->coins) - (getCost(supplyPos));
call    0 never executed
    #####:  300:    state->numBuys--;
        -:  301:    if (DEBUG)
        -:  302:      printf("You bought card number %d for %d coins. You now have %d buys and %d coins.\n", supplyPos, getCost(supplyPos), state->numBuys, state->coins);
        -:  303:  }
        -:  304:
        -:  305:  //state->discard[who][state->discardCount[who]] = supplyPos;
        -:  306:  //state->discardCount[who]++;
        -:  307:    
    #####:  308:  return 0;
        -:  309:}
        -:  310:
function numHandCards called 0 returned 0% blocks executed 0%
    #####:  311:int numHandCards(struct gameState *state) {
    #####:  312:  return state->handCount[ whoseTurn(state) ];
call    0 never executed
        -:  313:}
        -:  314:
function handCard called 0 returned 0% blocks executed 0%
    #####:  315:int handCard(int handPos, struct gameState *state) {
    #####:  316:  int currentPlayer = whoseTurn(state);
call    0 never executed
    #####:  317:  return state->hand[currentPlayer][handPos];
        -:  318:}
        -:  319:
function supplyCount called 2 returned 100% blocks executed 100%
        2:  320:int supplyCount(int card, struct gameState *state) {
        2:  321:  return state->supplyCount[card];
        -:  322:}
        -:  323:
function fullDeckCount called 3 returned 100% blocks executed 94%
        3:  324:int fullDeckCount(int player, int card, struct gameState *state) {
        -:  325:  int i;
        3:  326:  int count = 0;
        -:  327:
       12:  328:  for (i = 0; i < state->deckCount[player]; i++)
branch  0 taken 75%
branch  1 taken 25% (fallthrough)
        -:  329:    {
        9:  330:      if (state->deck[player][i] == card) count++;
branch  0 taken 33% (fallthrough)
branch  1 taken 67%
        -:  331:    }
        -:  332:
       69:  333:  for (i = 0; i < state->handCount[player]; i++)
branch  0 taken 96%
branch  1 taken 4% (fallthrough)
        -:  334:    {
       66:  335:      if (state->hand[player][i] == card) count++;
branch  0 taken 100% (fallthrough)
branch  1 taken 0%
        -:  336:    }
        -:  337:
        5:  338:  for (i = 0; i < state->discardCount[player]; i++)
branch  0 taken 40%
branch  1 taken 60% (fallthrough)
        -:  339:    {
        2:  340:      if (state->discard[player][i] == card) count++;
branch  0 taken 0% (fallthrough)
branch  1 taken 100%
        -:  341:    }
        -:  342:
        3:  343:  return count;
        -:  344:}
        -:  345:
function whoseTurn called 5 returned 100% blocks executed 100%
        5:  346:int whoseTurn(struct gameState *state) {
        5:  347:  return state->whoseTurn;
        -:  348:}
        -:  349:
function endTurn called 0 returned 0% blocks executed 0%
    #####:  350:int endTurn(struct gameState *state) {
        -:  351:  int k;
        -:  352:  int i;
    #####:  353:  int currentPlayer = whoseTurn(state);
call    0 never executed
        -:  354:  
        -:  355:  //Discard hand
    #####:  356:  for (i = 0; i < state->handCount[currentPlayer]; i++){
branch  0 never executed
branch  1 never executed
    #####:  357:    state->discard[currentPlayer][state->discardCount[currentPlayer]++] = state->hand[currentPlayer][i];//Discard
    #####:  358:    state->hand[currentPlayer][i] = -1;//Set card to -1
        -:  359:  }
    #####:  360:  state->handCount[currentPlayer] = 0;//Reset hand count
        -:  361:    
        -:  362:  //Code for determining the player
    #####:  363:  if (currentPlayer < (state->numPlayers - 1)){ 
branch  0 never executed
branch  1 never executed
    #####:  364:    state->whoseTurn = currentPlayer + 1;//Still safe to increment
        -:  365:  }
        -:  366:  else{
    #####:  367:    state->whoseTurn = 0;//Max player has been reached, loop back around to player 1
        -:  368:  }
        -:  369:
    #####:  370:  state->outpostPlayed = 0;
    #####:  371:  state->phase = 0;
    #####:  372:  state->numActions = 1;
    #####:  373:  state->coins = 0;
    #####:  374:  state->numBuys = 1;
    #####:  375:  state->playedCardCount = 0;
    #####:  376:  state->handCount[state->whoseTurn] = 0;
        -:  377:
        -:  378:  //int k; move to top
        -:  379:  //Next player draws hand
    #####:  380:  for (k = 0; k < 5; k++){
branch  0 never executed
branch  1 never executed
    #####:  381:    drawCard(state->whoseTurn, state);//Draw a card
call    0 never executed
        -:  382:  }
        -:  383:
        -:  384:  //Update money
    #####:  385:  updateCoins(state->whoseTurn, state , 0);
call    0 never executed
        -:  386:
    #####:  387:  return 0;
        -:  388:}
        -:  389:
function isGameOver called 3 returned 100% blocks executed 100%
        3:  390:int isGameOver(struct gameState *state) {
        -:  391:  int i;
        -:  392:  int j;
        -:  393:	
        -:  394:  //if stack of Province cards is empty, the game ends
        3:  395:  if (state->supplyCount[province] == 0)
branch  0 taken 33% (fallthrough)
branch  1 taken 67%
        -:  396:    {
        1:  397:      return 1;
        -:  398:    }
        -:  399:
        -:  400:  //if three supply pile are at 0, the game ends
        2:  401:  j = 0;
       52:  402:  for (i = 0; i < 25; i++)
branch  0 taken 96%
branch  1 taken 4% (fallthrough)
        -:  403:    {
       50:  404:      if (state->supplyCount[i] == 0)
branch  0 taken 10% (fallthrough)
branch  1 taken 90%
        -:  405:	{
        5:  406:	  j++;
        -:  407:	}
        -:  408:    }
        2:  409:  if ( j >= 3)
branch  0 taken 50% (fallthrough)
branch  1 taken 50%
        -:  410:    {
        1:  411:      return 1;
        -:  412:    }
        -:  413:
        1:  414:  return 0;
        -:  415:}
        -:  416:
function scoreFor called 0 returned 0% blocks executed 0%
    #####:  417:int scoreFor (int player, struct gameState *state) {
        -:  418:
        -:  419:  int i;
    #####:  420:  int score = 0;
        -:  421:  //score from hand
    #####:  422:  for (i = 0; i < state->handCount[player]; i++)
branch  0 never executed
branch  1 never executed
        -:  423:    {
    #####:  424:      if (state->hand[player][i] == curse) { score = score - 1; };
branch  0 never executed
branch  1 never executed
    #####:  425:      if (state->hand[player][i] == estate) { score = score + 1; };
branch  0 never executed
branch  1 never executed
    #####:  426:      if (state->hand[player][i] == duchy) { score = score + 3; };
branch  0 never executed
branch  1 never executed
    #####:  427:      if (state->hand[player][i] == province) { score = score + 6; };
branch  0 never executed
branch  1 never executed
    #####:  428:      if (state->hand[player][i] == great_hall) { score = score + 1; };
branch  0 never executed
branch  1 never executed
    #####:  429:      if (state->hand[player][i] == gardens) { score = score + ( fullDeckCount(player, 0, state) / 10 ); };
branch  0 never executed
branch  1 never executed
call    2 never executed
        -:  430:    }
        -:  431:
        -:  432:  //score from discard
    #####:  433:  for (i = 0; i < state->discardCount[player]; i++)
branch  0 never executed
branch  1 never executed
        -:  434:    {
    #####:  435:      if (state->discard[player][i] == curse) { score = score - 1; };
branch  0 never executed
branch  1 never executed
    #####:  436:      if (state->discard[player][i] == estate) { score = score + 1; };
branch  0 never executed
branch  1 never executed
    #####:  437:      if (state->discard[player][i] == duchy) { score = score + 3; };
branch  0 never executed
branch  1 never executed
    #####:  438:      if (state->discard[player][i] == province) { score = score + 6; };
branch  0 never executed
branch  1 never executed
    #####:  439:      if (state->discard[player][i] == great_hall) { score = score + 1; };
branch  0 never executed
branch  1 never executed
    #####:  440:      if (state->discard[player][i] == gardens) { score = score + ( fullDeckCount(player, 0, state) / 10 ); };
branch  0 never executed
branch  1 never executed
call    2 never executed
        -:  441:    }
        -:  442:
        -:  443:  //score from deck
    #####:  444:  for (i = 0; i < state->discardCount[player]; i++)
branch  0 never executed
branch  1 never executed
        -:  445:    {
    #####:  446:      if (state->deck[player][i] == curse) { score = score - 1; };
branch  0 never executed
branch  1 never executed
    #####:  447:      if (state->deck[player][i] == estate) { score = score + 1; };
branch  0 never executed
branch  1 never executed
    #####:  448:      if (state->deck[player][i] == duchy) { score = score + 3; };
branch  0 never executed
branch  1 never executed
    #####:  449:      if (state->deck[player][i] == province) { score = score + 6; };
branch  0 never executed
branch  1 never executed
    #####:  450:      if (state->deck[player][i] == great_hall) { score = score + 1; };
branch  0 never executed
branch  1 never executed
    #####:  451:      if (state->deck[player][i] == gardens) { score = score + ( fullDeckCount(player, 0, state) / 10 ); };
branch  0 never executed
branch  1 never executed
call    2 never executed
        -:  452:    }
        -:  453:
    #####:  454:  return score;
        -:  455:}
        -:  456:
function getWinners called 0 returned 0% blocks executed 0%
    #####:  457:int getWinners(int players[MAX_PLAYERS], struct gameState *state) {
        -:  458:  int i;	
        -:  459:  int j;
        -:  460:  int highScore;
        -:  461:  int currentPlayer;
        -:  462:
        -:  463:  //get score for each player
    #####:  464:  for (i = 0; i < MAX_PLAYERS; i++)
branch  0 never executed
branch  1 never executed
        -:  465:    {
        -:  466:      //set unused player scores to -9999
    #####:  467:      if (i >= state->numPlayers)
branch  0 never executed
branch  1 never executed
        -:  468:	{
    #####:  469:	  players[i] = -9999;
        -:  470:	}
        -:  471:      else
        -:  472:	{
    #####:  473:	  players[i] = scoreFor (i, state);
call    0 never executed
        -:  474:	}
        -:  475:    }
        -:  476:
        -:  477:  //find highest score
    #####:  478:  j = 0;
    #####:  479:  for (i = 0; i < MAX_PLAYERS; i++)
branch  0 never executed
branch  1 never executed
        -:  480:    {
    #####:  481:      if (players[i] > players[j])
branch  0 never executed
branch  1 never executed
        -:  482:	{
    #####:  483:	  j = i;
        -:  484:	}
        -:  485:    }
    #####:  486:  highScore = players[j];
        -:  487:
        -:  488:  //add 1 to players who had less turns
    #####:  489:  currentPlayer = whoseTurn(state);
call    0 never executed
    #####:  490:  for (i = 0; i < MAX_PLAYERS; i++)
branch  0 never executed
branch  1 never executed
        -:  491:    {
    #####:  492:      if ( players[i] == highScore && i > currentPlayer )
branch  0 never executed
branch  1 never executed
branch  2 never executed
branch  3 never executed
        -:  493:	{
    #####:  494:	  players[i]++;
        -:  495:	}
        -:  496:    }
        -:  497:
        -:  498:  //find new highest score
    #####:  499:  j = 0;
    #####:  500:  for (i = 0; i < MAX_PLAYERS; i++)
branch  0 never executed
branch  1 never executed
        -:  501:    {
    #####:  502:      if ( players[i] > players[j] )
branch  0 never executed
branch  1 never executed
        -:  503:	{
    #####:  504:	  j = i;
        -:  505:	}
        -:  506:    }
    #####:  507:  highScore = players[j];
        -:  508:
        -:  509:  //set winners in array to 1 and rest to 0
    #####:  510:  for (i = 0; i < MAX_PLAYERS; i++)
branch  0 never executed
branch  1 never executed
        -:  511:    {
    #####:  512:      if ( players[i] == highScore )
branch  0 never executed
branch  1 never executed
        -:  513:	{
    #####:  514:	  players[i] = 1;
        -:  515:	}
        -:  516:      else
        -:  517:	{
    #####:  518:	  players[i] = 0;
        -:  519:	}
        -:  520:    }
        -:  521:
    #####:  522:  return 0;
        -:  523:}
        -:  524:
function drawCard called 52 returned 100% blocks executed 92%
       52:  525:int drawCard(int player, struct gameState *state)
        -:  526:{	int count;
        -:  527:  int deckCounter;
       52:  528:  if (state->deckCount[player] <= 0){//Deck is empty
branch  0 taken 2% (fallthrough)
branch  1 taken 98%
        -:  529:    
        -:  530:    //Step 1 Shuffle the discard pile back into a deck
        -:  531:    int i;
        -:  532:    //Move discard to deck
        5:  533:    for (i = 0; i < state->discardCount[player];i++){
branch  0 taken 80%
branch  1 taken 20% (fallthrough)
        4:  534:      state->deck[player][i] = state->discard[player][i];
        4:  535:      state->discard[player][i] = -1;
        -:  536:    }
        -:  537:
        1:  538:    state->deckCount[player] = state->discardCount[player];
        1:  539:    state->discardCount[player] = 0;//Reset discard
        -:  540:
        -:  541:    //Shufffle the deck
        1:  542:    shuffle(player, state);//Shuffle the deck up and make it so that we can draw
call    0 returned 100%
        -:  543:   
        -:  544:    if (DEBUG){//Debug statements
        -:  545:      printf("Deck count now: %d\n", state->deckCount[player]);
        -:  546:    }
        -:  547:    
        1:  548:    state->discardCount[player] = 0;
        -:  549:
        -:  550:    //Step 2 Draw Card
        1:  551:    count = state->handCount[player];//Get current player's hand count
        -:  552:    
        -:  553:    if (DEBUG){//Debug statements
        -:  554:      printf("Current hand count: %d\n", count);
        -:  555:    }
        -:  556:    
        1:  557:    deckCounter = state->deckCount[player];//Create a holder for the deck count
        -:  558:
        1:  559:    if (deckCounter == 0)
branch  0 taken 0% (fallthrough)
branch  1 taken 100%
    #####:  560:      return -1;
        -:  561:
        1:  562:    state->hand[player][count] = state->deck[player][deckCounter - 1];//Add card to hand
        1:  563:    state->deckCount[player]--;
        1:  564:    state->handCount[player]++;//Increment hand count
        -:  565:  }
        -:  566:
        -:  567:  else{
       51:  568:    int count = state->handCount[player];//Get current hand count for player
        -:  569:    int deckCounter;
        -:  570:    if (DEBUG){//Debug statements
        -:  571:      printf("Current hand count: %d\n", count);
        -:  572:    }
        -:  573:
       51:  574:    deckCounter = state->deckCount[player];//Create holder for the deck count
       51:  575:    state->hand[player][count] = state->deck[player][deckCounter - 1];//Add card to the hand
       51:  576:    state->deckCount[player]--;
       51:  577:    state->handCount[player]++;//Increment hand count
        -:  578:  }
        -:  579:
       52:  580:  return 0;
        -:  581:}
        -:  582:
function getCost called 0 returned 0% blocks executed 0%
    #####:  583:int getCost(int cardNumber)
        -:  584:{
    #####:  585:  switch( cardNumber ) 
branch  0 never executed
branch  1 never executed
branch  2 never executed
branch  3 never executed
branch  4 never executed
branch  5 never executed
branch  6 never executed
branch  7 never executed
branch  8 never executed
branch  9 never executed
branch 10 never executed
branch 11 never executed
branch 12 never executed
branch 13 never executed
branch 14 never executed
branch 15 never executed
branch 16 never executed
branch 17 never executed
branch 18 never executed
branch 19 never executed
branch 20 never executed
branch 21 never executed
branch 22 never executed
branch 23 never executed
branch 24 never executed
branch 25 never executed
branch 26 never executed
branch 27 never executed
        -:  586:    {
    #####:  587:    case curse:
    #####:  588:      return 0;
    #####:  589:    case estate:
    #####:  590:      return 2;
    #####:  591:    case duchy:
    #####:  592:      return 5;
    #####:  593:    case province:
    #####:  594:      return 8;
    #####:  595:    case copper:
    #####:  596:      return 0;
    #####:  597:    case silver:
    #####:  598:      return 3;
    #####:  599:    case gold:
    #####:  600:      return 6;
    #####:  601:    case adventurer:
    #####:  602:      return 6;
    #####:  603:    case council_room:
    #####:  604:      return 5;
    #####:  605:    case feast:
    #####:  606:      return 4;
    #####:  607:    case gardens:
    #####:  608:      return 4;
    #####:  609:    case mine:
    #####:  610:      return 5;
    #####:  611:    case remodel:
    #####:  612:      return 4;
    #####:  613:    case smithy:
    #####:  614:      return 4;
    #####:  615:    case village:
    #####:  616:      return 3;
    #####:  617:    case baron:
    #####:  618:      return 4;
    #####:  619:    case great_hall:
    #####:  620:      return 3;
    #####:  621:    case minion:
    #####:  622:      return 5;
    #####:  623:    case steward:
    #####:  624:      return 3;
    #####:  625:    case tribute:
    #####:  626:      return 5;
    #####:  627:    case ambassador:
    #####:  628:      return 3;
    #####:  629:    case cutpurse:
    #####:  630:      return 4;
    #####:  631:    case embargo: 
    #####:  632:      return 2;
    #####:  633:    case outpost:
    #####:  634:      return 5;
    #####:  635:    case salvager:
    #####:  636:      return 4;
    #####:  637:    case sea_hag:
    #####:  638:      return 4;
    #####:  639:    case treasure_map:
    #####:  640:      return 4;
        -:  641:    }
        -:  642:	
    #####:  643:  return -1;
        -:  644:}
        -:  645:
function adventurerEffect called 0 returned 0% blocks executed 0%
    #####:  646:int adventurerEffect(int *drawntreasure, struct gameState *state, int *temphandct, int * temphand)
        -:  647:{
    #####:  648:  int currentPlayer = whoseTurn(state);
call    0 never executed
        -:  649:  int cardDrawn;
        -:  650:
    #####:  651:  while(*drawntreasure<2){
branch  0 never executed
branch  1 never executed
    #####:  652:    if(state->hand[currentPlayer] < 1){
branch  0 never executed
branch  1 never executed
    #####:  653:      shuffle(currentPlayer, state);
call    0 never executed
        -:  654:    }
    #####:  655:    drawCard(currentPlayer, state);
call    0 never executed
    #####:  656:    cardDrawn = state->hand[currentPlayer][state->handCount[currentPlayer]-1];
    #####:  657:    if(cardDrawn == copper || cardDrawn == silver) // bug -- only detects copper and silver as treasure
branch  0 never executed
branch  1 never executed
branch  2 never executed
branch  3 never executed
    #####:  658:      drawntreasure++;
        -:  659:    else{
    #####:  660:      temphand[*temphandct] = cardDrawn;
    #####:  661:      state->handCount[currentPlayer]--;
    #####:  662:      temphandct++;
        -:  663:    }
        -:  664:  }
    #####:  665:  while(*temphandct-1>=0){
branch  0 never executed
branch  1 never executed
    #####:  666:    state->discard[currentPlayer][state->discardCount[currentPlayer]++]=temphand[*temphandct-1];
        -:  667:  }
    #####:  668:  return 0;
        -:  669:}
        -:  670:
function smithyEffect called 1 returned 100% blocks executed 100%
        1:  671:int smithyEffect(int handPos, struct gameState *state)
        -:  672:{
        1:  673:  int currentPlayer = whoseTurn(state);
call    0 returned 100%
        -:  674:  int i;
        4:  675:  for(i = 0; i < 3; i++)
branch  0 taken 75%
branch  1 taken 25% (fallthrough)
        -:  676:  {
        3:  677:    drawCard(currentPlayer, state);
call    0 returned 100%
        -:  678:  }
        -:  679:
        1:  680:  discardCard(currentPlayer, handPos, state, 0); // bug -- switched currentPlayer and handPos
call    0 returned 100%
        1:  681:  return 0;
        -:  682:}
        -:  683:
function villageEffect called 0 returned 0% blocks executed 0%
    #####:  684:int villageEffect(int handPos, struct gameState *state)
        -:  685:{
    #####:  686:  int currentPlayer = whoseTurn(state);
call    0 never executed
        -:  687:
        -:  688:  //+1 Card
    #####:  689:  drawCard(currentPlayer, state);
call    0 never executed
        -:  690:			
        -:  691:  //+2 Actions
    #####:  692:  int numActions = state->numActions + 2; // bug -- does not actually change state
        -:  693:			
        -:  694:  //discard played card from hand
    #####:  695:  discardCard(handPos, currentPlayer, state, 0);
call    0 never executed
    #####:  696:  return 0;
        -:  697:}	
        -:  698:
function embargoEffect called 0 returned 0% blocks executed 0%
    #####:  699:int embargoEffect(int handPos, struct gameState *state, int choice)
        -:  700:{
    #####:  701:  int currentPlayer = whoseTurn(state);
call    0 never executed
        -:  702:
        -:  703:  //+2 Coins
    #####:  704:   state->coins = state->coins + 2;
        -:  705:		
        -:  706:  //see if selected pile is in play
    #####:  707:  if ( state->supplyCount[choice] == 1 ) // bug -- 1 vs -1
branch  0 never executed
branch  1 never executed
        -:  708:  {
    #####:  709:    return -1;
        -:  710:  }
        -:  711:			
        -:  712:  //add embargo token to selected supply pile
    #####:  713:  state->embargoTokens[choice]++;
        -:  714:			
        -:  715:  //trash card
    #####:  716:  discardCard(handPos, currentPlayer, state, 1);		
call    0 never executed
    #####:  717:  return 0;
        -:  718:}
        -:  719:
function outpostEffect called 0 returned 0% blocks executed 0%
    #####:  720:int outpostEffect(int handPos, struct gameState *state)
        -:  721:{		
    #####:  722:  int currentPlayer = whoseTurn(state);
call    0 never executed
        -:  723:    
        -:  724:  //set outpost flag
    #####:  725:  state->outpostPlayed++;
        -:  726:			
        -:  727:  //discard card
    #####:  728:  discardCard(handPos, currentPlayer, state, 0);
call    0 never executed
    #####:  729:  return 0;
        -:  730:}	
        -:  731:
function cardEffect called 4 returned 100% blocks executed 10%
        4:  732:int cardEffect(int card, int choice1, int choice2, int choice3, struct gameState *state, int handPos, int *bonus)
        -:  733:{
        -:  734:  int i;
        -:  735:  int j;
        -:  736:  int k;
        -:  737:  int x;
        -:  738:  int index;
        4:  739:  int currentPlayer = whoseTurn(state);
call    0 returned 100%
        4:  740:  int nextPlayer = currentPlayer + 1;
        -:  741:
        4:  742:  int tributeRevealedCards[2] = {-1, -1};
        -:  743:  int temphand[MAX_HAND];// moved above the if statement
        4:  744:  int drawntreasure=0;
        -:  745:  int cardDrawn;
        4:  746:  int z = 0;// this is the counter for the temp hand
        4:  747:  if (nextPlayer > (state->numPlayers - 1)){
branch  0 taken 0% (fallthrough)
branch  1 taken 100%
    #####:  748:    nextPlayer = 0;
        -:  749:  }
        -:  750:  
        -:  751:	
        -:  752:  //uses switch to select card and perform actions
        4:  753:  switch( card ) 
branch  0 taken 0%
branch  1 taken 25%
branch  2 taken 0%
branch  3 taken 0%
branch  4 taken 0%
branch  5 taken 0%
branch  6 taken 25%
branch  7 taken 0%
branch  8 taken 0%
branch  9 taken 0%
branch 10 taken 0%
branch 11 taken 0%
branch 12 taken 0%
branch 13 taken 0%
branch 14 taken 0%
branch 15 taken 0%
branch 16 taken 0%
branch 17 taken 0%
branch 18 taken 0%
branch 19 taken 50%
branch 20 taken 0%
        -:  754:    {
    #####:  755:      case adventurer: return adventurerEffect(&drawntreasure, state, &z, temphand);
call    0 never executed
        1:  756:    case council_room:
        -:  757:      //+4 Cards
        5:  758:      for (i = 0; i < 4; i++)
branch  0 taken 80%
branch  1 taken 20% (fallthrough)
        -:  759:	{
        4:  760:	  drawCard(currentPlayer, state);
call    0 returned 100%
        -:  761:	}
        -:  762:			
        -:  763:      //+1 Buy
        1:  764:      state->numBuys++;
        -:  765:			
        -:  766:      //Each other player draws a card
        3:  767:      for (i = 0; i < state->numPlayers; i++)
branch  0 taken 67%
branch  1 taken 33% (fallthrough)
        -:  768:	{
        2:  769:	  if ( i != currentPlayer )
branch  0 taken 50% (fallthrough)
branch  1 taken 50%
        -:  770:	    {
        1:  771:	      drawCard(i, state);
call    0 returned 100%
        -:  772:	    }
        -:  773:	}
        -:  774:			
        -:  775:      //put played card in played card pile
        1:  776:      discardCard(handPos, currentPlayer, state, 0);
call    0 returned 100%
        -:  777:			
        1:  778:      return 0;
        -:  779:			
    #####:  780:    case feast:
        -:  781:      //gain card with cost up to 5
        -:  782:      //Backup hand
    #####:  783:      for (i = 0; i <= state->handCount[currentPlayer]; i++){
branch  0 never executed
branch  1 never executed
    #####:  784:	temphand[i] = state->hand[currentPlayer][i];//Backup card
    #####:  785:	state->hand[currentPlayer][i] = -1;//Set to nothing
        -:  786:      }
        -:  787:      //Backup hand
        -:  788:
        -:  789:      //Update Coins for Buy
    #####:  790:      updateCoins(currentPlayer, state, 5);
call    0 never executed
    #####:  791:      x = 1;//Condition to loop on
    #####:  792:      while( x == 1) {//Buy one card
branch  0 never executed
branch  1 never executed
    #####:  793:	if (supplyCount(choice1, state) <= 0){
call    0 never executed
branch  1 never executed
branch  2 never executed
        -:  794:	  if (DEBUG)
        -:  795:	    printf("None of that card left, sorry!\n");
        -:  796:
        -:  797:	  if (DEBUG){
        -:  798:	    printf("Cards Left: %d\n", supplyCount(choice1, state));
        -:  799:	  }
        -:  800:	}
    #####:  801:	else if (state->coins < getCost(choice1)){
call    0 never executed
branch  1 never executed
branch  2 never executed
    #####:  802:	  printf("That card is too expensive!\n");
call    0 never executed
        -:  803:
        -:  804:	  if (DEBUG){
        -:  805:	    printf("Coins: %d < %d\n", state->coins, getCost(choice1));
        -:  806:	  }
        -:  807:	}
        -:  808:	else{
        -:  809:
        -:  810:	  if (DEBUG){
        -:  811:	    printf("Deck Count: %d\n", state->handCount[currentPlayer] + state->deckCount[currentPlayer] + state->discardCount[currentPlayer]);
        -:  812:	  }
        -:  813:
    #####:  814:	  gainCard(choice1, state, 0, currentPlayer);//Gain the card
call    0 never executed
    #####:  815:	  x = 0;//No more buying cards
        -:  816:
        -:  817:	  if (DEBUG){
        -:  818:	    printf("Deck Count: %d\n", state->handCount[currentPlayer] + state->deckCount[currentPlayer] + state->discardCount[currentPlayer]);
        -:  819:	  }
        -:  820:
        -:  821:	}
        -:  822:      }     
        -:  823:
        -:  824:      //Reset Hand
    #####:  825:      for (i = 0; i <= state->handCount[currentPlayer]; i++){
branch  0 never executed
branch  1 never executed
    #####:  826:	state->hand[currentPlayer][i] = temphand[i];
    #####:  827:	temphand[i] = -1;
        -:  828:      }
        -:  829:      //Reset Hand
        -:  830:      			
    #####:  831:      return 0;
        -:  832:			
    #####:  833:    case gardens:
    #####:  834:      return -1;
        -:  835:			
    #####:  836:    case mine:
    #####:  837:      j = state->hand[currentPlayer][choice1];  //store card we will trash
        -:  838:
    #####:  839:      if (state->hand[currentPlayer][choice1] < copper || state->hand[currentPlayer][choice1] > gold)
branch  0 never executed
branch  1 never executed
branch  2 never executed
branch  3 never executed
        -:  840:	{
    #####:  841:	  return -1;
        -:  842:	}
        -:  843:		
    #####:  844:      if (choice2 > treasure_map || choice2 < curse)
branch  0 never executed
branch  1 never executed
branch  2 never executed
branch  3 never executed
        -:  845:	{
    #####:  846:	  return -1;
        -:  847:	}
        -:  848:
    #####:  849:      if ( (getCost(state->hand[currentPlayer][choice1]) + 3) > getCost(choice2) )
call    0 never executed
call    1 never executed
branch  2 never executed
branch  3 never executed
        -:  850:	{
    #####:  851:	  return -1;
        -:  852:	}
        -:  853:
    #####:  854:      gainCard(choice2, state, 2, currentPlayer);
call    0 never executed
        -:  855:
        -:  856:      //discard card from hand
    #####:  857:      discardCard(handPos, currentPlayer, state, 0);
call    0 never executed
        -:  858:
        -:  859:      //discard trashed card
    #####:  860:      for (i = 0; i < state->handCount[currentPlayer]; i++)
branch  0 never executed
branch  1 never executed
        -:  861:	{
    #####:  862:	  if (state->hand[currentPlayer][i] == j)
branch  0 never executed
branch  1 never executed
        -:  863:	    {
    #####:  864:	      discardCard(i, currentPlayer, state, 0);			
call    0 never executed
    #####:  865:	      break;
        -:  866:	    }
        -:  867:	}
        -:  868:			
    #####:  869:      return 0;
        -:  870:			
    #####:  871:    case remodel:
    #####:  872:      j = state->hand[currentPlayer][choice1];  //store card we will trash
        -:  873:
    #####:  874:      if ( (getCost(state->hand[currentPlayer][choice1]) + 2) > getCost(choice2) )
call    0 never executed
call    1 never executed
branch  2 never executed
branch  3 never executed
        -:  875:	{
    #####:  876:	  return -1;
        -:  877:	}
        -:  878:
    #####:  879:      gainCard(choice2, state, 0, currentPlayer);
call    0 never executed
        -:  880:
        -:  881:      //discard card from hand
    #####:  882:      discardCard(handPos, currentPlayer, state, 0);
call    0 never executed
        -:  883:
        -:  884:      //discard trashed card
    #####:  885:      for (i = 0; i < state->handCount[currentPlayer]; i++)
branch  0 never executed
branch  1 never executed
        -:  886:	{
    #####:  887:	  if (state->hand[currentPlayer][i] == j)
branch  0 never executed
branch  1 never executed
        -:  888:	    {
    #####:  889:	      discardCard(i, currentPlayer, state, 0);			
call    0 never executed
    #####:  890:	      break;
        -:  891:	    }
        -:  892:	}
        -:  893:
        -:  894:
    #####:  895:      return 0;
        -:  896:		
        1:  897:    case smithy: return smithyEffect(handPos, state);
call    0 returned 100%
        -:  898:		
    #####:  899:    case village: return villageEffect(handPos, state);
call    0 never executed
        -:  900:		
    #####:  901:    case baron:
    #####:  902:      state->numBuys++;//Increase buys by 1!
    #####:  903:      if (choice1 > 0){//Boolean true or going to discard an estate
branch  0 never executed
branch  1 never executed
    #####:  904:	int p = 0;//Iterator for hand!
    #####:  905:	int card_not_discarded = 1;//Flag for discard set!
    #####:  906:	while(card_not_discarded){
branch  0 never executed
branch  1 never executed
    #####:  907:	  if (state->hand[currentPlayer][p] == estate){//Found an estate card!
branch  0 never executed
branch  1 never executed
    #####:  908:	    state->coins += 4;//Add 4 coins to the amount of coins
    #####:  909:	    state->discard[currentPlayer][state->discardCount[currentPlayer]] = state->hand[currentPlayer][p];
    #####:  910:	    state->discardCount[currentPlayer]++;
    #####:  911:	    for (;p < state->handCount[currentPlayer]; p++){
branch  0 never executed
branch  1 never executed
    #####:  912:	      state->hand[currentPlayer][p] = state->hand[currentPlayer][p+1];
        -:  913:	    }
    #####:  914:	    state->hand[currentPlayer][state->handCount[currentPlayer]] = -1;
    #####:  915:	    state->handCount[currentPlayer]--;
    #####:  916:	    card_not_discarded = 0;//Exit the loop
        -:  917:	  }
    #####:  918:	  else if (p > state->handCount[currentPlayer]){
branch  0 never executed
branch  1 never executed
        -:  919:	    if(DEBUG) {
        -:  920:	      printf("No estate cards in your hand, invalid choice\n");
        -:  921:	      printf("Must gain an estate if there are any\n");
        -:  922:	    }
    #####:  923:	    if (supplyCount(estate, state) > 0){
call    0 never executed
branch  1 never executed
branch  2 never executed
    #####:  924:	      gainCard(estate, state, 0, currentPlayer);
call    0 never executed
    #####:  925:	      state->supplyCount[estate]--;//Decrement estates
    #####:  926:	      if (supplyCount(estate, state) == 0){
call    0 never executed
branch  1 never executed
branch  2 never executed
    #####:  927:		isGameOver(state);
call    0 never executed
        -:  928:	      }
        -:  929:	    }
    #####:  930:	    card_not_discarded = 0;//Exit the loop
        -:  931:	  }
        -:  932:			    
        -:  933:	  else{
    #####:  934:	    p++;//Next card
        -:  935:	  }
        -:  936:	}
        -:  937:      }
        -:  938:			    
        -:  939:      else{
    #####:  940:	if (supplyCount(estate, state) > 0){
call    0 never executed
branch  1 never executed
branch  2 never executed
    #####:  941:	  gainCard(estate, state, 0, currentPlayer);//Gain an estate
call    0 never executed
    #####:  942:	  state->supplyCount[estate]--;//Decrement Estates
    #####:  943:	  if (supplyCount(estate, state) == 0){
call    0 never executed
branch  1 never executed
branch  2 never executed
    #####:  944:	    isGameOver(state);
call    0 never executed
        -:  945:	  }
        -:  946:	}
        -:  947:      }
        -:  948:	    
        -:  949:      
    #####:  950:      return 0;
        -:  951:		
    #####:  952:    case great_hall:
        -:  953:      //+1 Card
    #####:  954:      drawCard(currentPlayer, state);
call    0 never executed
        -:  955:			
        -:  956:      //+1 Actions
    #####:  957:      state->numActions++;
        -:  958:			
        -:  959:      //discard card from hand
    #####:  960:      discardCard(handPos, currentPlayer, state, 0);
call    0 never executed
    #####:  961:      return 0;
        -:  962:		
    #####:  963:    case minion:
        -:  964:      //+1 action
    #####:  965:      state->numActions++;
        -:  966:			
        -:  967:      //discard card from hand
    #####:  968:      discardCard(handPos, currentPlayer, state, 0);
call    0 never executed
        -:  969:			
    #####:  970:      if (choice1)		//+2 coins
branch  0 never executed
branch  1 never executed
        -:  971:	{
    #####:  972:	  state->coins = state->coins + 2;
        -:  973:	}
        -:  974:			
    #####:  975:      else if (choice2)		//discard hand, redraw 4, other players with 5+ cards discard hand and draw 4
branch  0 never executed
branch  1 never executed
        -:  976:	{
        -:  977:	  //discard hand
    #####:  978:	  while(numHandCards(state) > 0)
call    0 never executed
branch  1 never executed
branch  2 never executed
        -:  979:	    {
    #####:  980:	      discardCard(handPos, currentPlayer, state, 0);
call    0 never executed
        -:  981:	    }
        -:  982:				
        -:  983:	  //draw 4
    #####:  984:	  for (i = 0; i < 4; i++)
branch  0 never executed
branch  1 never executed
        -:  985:	    {
    #####:  986:	      drawCard(currentPlayer, state);
call    0 never executed
        -:  987:	    }
        -:  988:				
        -:  989:	  //other players discard hand and redraw if hand size > 4
    #####:  990:	  for (i = 0; i < state->numPlayers; i++)
branch  0 never executed
branch  1 never executed
        -:  991:	    {
    #####:  992:	      if (i != currentPlayer)
branch  0 never executed
branch  1 never executed
        -:  993:		{
    #####:  994:		  if ( state->handCount[i] > 4 )
branch  0 never executed
branch  1 never executed
        -:  995:		    {
        -:  996:		      //discard hand
    #####:  997:		      while( state->handCount[i] > 0 )
branch  0 never executed
branch  1 never executed
        -:  998:			{
    #####:  999:			  discardCard(handPos, i, state, 0);
call    0 never executed
        -: 1000:			}
        -: 1001:							
        -: 1002:		      //draw 4
    #####: 1003:		      for (j = 0; j < 4; j++)
branch  0 never executed
branch  1 never executed
        -: 1004:			{
    #####: 1005:			  drawCard(i, state);
call    0 never executed
        -: 1006:			}
        -: 1007:		    }
        -: 1008:		}
        -: 1009:	    }
        -: 1010:				
        -: 1011:	}
    #####: 1012:      return 0;
        -: 1013:		
    #####: 1014:    case steward:
    #####: 1015:      if (choice1 == 1)
branch  0 never executed
branch  1 never executed
        -: 1016:	{
        -: 1017:	  //+2 cards
    #####: 1018:	  drawCard(currentPlayer, state);
call    0 never executed
    #####: 1019:	  drawCard(currentPlayer, state);
call    0 never executed
        -: 1020:	}
    #####: 1021:      else if (choice1 == 2)
branch  0 never executed
branch  1 never executed
        -: 1022:	{
        -: 1023:	  //+2 coins
    #####: 1024:	  state->coins = state->coins + 2;
        -: 1025:	}
        -: 1026:      else
        -: 1027:	{
        -: 1028:	  //trash 2 cards in hand
    #####: 1029:	  discardCard(choice2, currentPlayer, state, 1);
call    0 never executed
    #####: 1030:	  discardCard(choice3, currentPlayer, state, 1);
call    0 never executed
        -: 1031:	}
        -: 1032:			
        -: 1033:      //discard card from hand
    #####: 1034:      discardCard(handPos, currentPlayer, state, 0);
call    0 never executed
    #####: 1035:      return 0;
        -: 1036:		
    #####: 1037:    case tribute:
    #####: 1038:      if ((state->discardCount[nextPlayer] + state->deckCount[nextPlayer]) <= 1){
branch  0 never executed
branch  1 never executed
    #####: 1039:	if (state->deckCount[nextPlayer] > 0){
branch  0 never executed
branch  1 never executed
    #####: 1040:	  tributeRevealedCards[0] = state->deck[nextPlayer][state->deckCount[nextPlayer]-1];
    #####: 1041:	  state->deckCount[nextPlayer]--;
        -: 1042:	}
    #####: 1043:	else if (state->discardCount[nextPlayer] > 0){
branch  0 never executed
branch  1 never executed
    #####: 1044:	  tributeRevealedCards[0] = state->discard[nextPlayer][state->discardCount[nextPlayer]-1];
    #####: 1045:	  state->discardCount[nextPlayer]--;
        -: 1046:	}
        -: 1047:	else{
        -: 1048:	  //No Card to Reveal
        -: 1049:	  if (DEBUG){
        -: 1050:	    printf("No cards to reveal\n");
        -: 1051:	  }
        -: 1052:	}
        -: 1053:      }
        -: 1054:	    
        -: 1055:      else{
    #####: 1056:	if (state->deckCount[nextPlayer] == 0){
branch  0 never executed
branch  1 never executed
    #####: 1057:	  for (i = 0; i < state->discardCount[nextPlayer]; i++){
branch  0 never executed
branch  1 never executed
    #####: 1058:	    state->deck[nextPlayer][i] = state->discard[nextPlayer][i];//Move to deck
    #####: 1059:	    state->deckCount[nextPlayer]++;
    #####: 1060:	    state->discard[nextPlayer][i] = -1;
    #####: 1061:	    state->discardCount[nextPlayer]--;
        -: 1062:	  }
        -: 1063:			    
    #####: 1064:	  shuffle(nextPlayer,state);//Shuffle the deck
call    0 never executed
        -: 1065:	} 
    #####: 1066:	tributeRevealedCards[0] = state->deck[nextPlayer][state->deckCount[nextPlayer]-1];
    #####: 1067:	state->deck[nextPlayer][state->deckCount[nextPlayer]--] = -1;
    #####: 1068:	state->deckCount[nextPlayer]--;
    #####: 1069:	tributeRevealedCards[1] = state->deck[nextPlayer][state->deckCount[nextPlayer]-1];
    #####: 1070:	state->deck[nextPlayer][state->deckCount[nextPlayer]--] = -1;
    #####: 1071:	state->deckCount[nextPlayer]--;
        -: 1072:      }    
        -: 1073:		       
    #####: 1074:      if (tributeRevealedCards[0] == tributeRevealedCards[1]){//If we have a duplicate card, just drop one 
branch  0 never executed
branch  1 never executed
    #####: 1075:	state->playedCards[state->playedCardCount] = tributeRevealedCards[1];
    #####: 1076:	state->playedCardCount++;
    #####: 1077:	tributeRevealedCards[1] = -1;
        -: 1078:      }
        -: 1079:
    #####: 1080:      for (i = 0; i <= 2; i ++){
branch  0 never executed
branch  1 never executed
    #####: 1081:	if (tributeRevealedCards[i] == copper || tributeRevealedCards[i] == silver || tributeRevealedCards[i] == gold){//Treasure cards
branch  0 never executed
branch  1 never executed
branch  2 never executed
branch  3 never executed
branch  4 never executed
branch  5 never executed
    #####: 1082:	  state->coins += 2;
        -: 1083:	}
        -: 1084:		    
    #####: 1085:	else if (tributeRevealedCards[i] == estate || tributeRevealedCards[i] == duchy || tributeRevealedCards[i] == province || tributeRevealedCards[i] == gardens || tributeRevealedCards[i] == great_hall){//Victory Card Found
branch  0 never executed
branch  1 never executed
branch  2 never executed
branch  3 never executed
branch  4 never executed
branch  5 never executed
branch  6 never executed
branch  7 never executed
branch  8 never executed
branch  9 never executed
    #####: 1086:	  drawCard(currentPlayer, state);
call    0 never executed
    #####: 1087:	  drawCard(currentPlayer, state);
call    0 never executed
        -: 1088:	}
        -: 1089:	else{//Action Card
    #####: 1090:	  state->numActions = state->numActions + 2;
        -: 1091:	}
        -: 1092:      }
        -: 1093:	    
    #####: 1094:      return 0;
        -: 1095:		
    #####: 1096:    case ambassador:
    #####: 1097:      j = 0;		//used to check if player has enough cards to discard
        -: 1098:
    #####: 1099:      if (choice2 > 2 || choice2 < 0)
branch  0 never executed
branch  1 never executed
branch  2 never executed
branch  3 never executed
        -: 1100:	{
    #####: 1101:	  return -1;				
        -: 1102:	}
        -: 1103:
    #####: 1104:      if (choice1 == handPos)
branch  0 never executed
branch  1 never executed
        -: 1105:	{
    #####: 1106:	  return -1;
        -: 1107:	}
        -: 1108:
    #####: 1109:      for (i = 0; i < state->handCount[currentPlayer]; i++)
branch  0 never executed
branch  1 never executed
        -: 1110:	{
    #####: 1111:	  if (i != handPos && i == state->hand[currentPlayer][choice1] && i != choice1)
branch  0 never executed
branch  1 never executed
branch  2 never executed
branch  3 never executed
branch  4 never executed
branch  5 never executed
        -: 1112:	    {
    #####: 1113:	      j++;
        -: 1114:	    }
        -: 1115:	}
    #####: 1116:      if (j < choice2)
branch  0 never executed
branch  1 never executed
        -: 1117:	{
    #####: 1118:	  return -1;				
        -: 1119:	}
        -: 1120:
        -: 1121:      if (DEBUG) 
        -: 1122:	printf("Player %d reveals card number: %d\n", currentPlayer, state->hand[currentPlayer][choice1]);
        -: 1123:
        -: 1124:      //increase supply count for choosen card by amount being discarded
    #####: 1125:      state->supplyCount[state->hand[currentPlayer][choice1]] += choice2;
        -: 1126:			
        -: 1127:      //each other player gains a copy of revealed card
    #####: 1128:      for (i = 0; i < state->numPlayers; i++)
branch  0 never executed
branch  1 never executed
        -: 1129:	{
    #####: 1130:	  if (i != currentPlayer)
branch  0 never executed
branch  1 never executed
        -: 1131:	    {
    #####: 1132:	      gainCard(state->hand[currentPlayer][choice1], state, 0, i);
call    0 never executed
        -: 1133:	    }
        -: 1134:	}
        -: 1135:
        -: 1136:      //discard played card from hand
    #####: 1137:      discardCard(handPos, currentPlayer, state, 0);			
call    0 never executed
        -: 1138:
        -: 1139:      //trash copies of cards returned to supply
    #####: 1140:      for (j = 0; j < choice2; j++)
branch  0 never executed
branch  1 never executed
        -: 1141:	{
    #####: 1142:	  for (i = 0; i < state->handCount[currentPlayer]; i++)
branch  0 never executed
branch  1 never executed
        -: 1143:	    {
    #####: 1144:	      if (state->hand[currentPlayer][i] == state->hand[currentPlayer][choice1])
branch  0 never executed
branch  1 never executed
        -: 1145:		{
    #####: 1146:		  discardCard(i, currentPlayer, state, 1);
call    0 never executed
    #####: 1147:		  break;
        -: 1148:		}
        -: 1149:	    }
        -: 1150:	}			
        -: 1151:
    #####: 1152:      return 0;
        -: 1153:		
    #####: 1154:    case cutpurse:
        -: 1155:
    #####: 1156:      updateCoins(currentPlayer, state, 2);
call    0 never executed
    #####: 1157:      for (i = 0; i < state->numPlayers; i++)
branch  0 never executed
branch  1 never executed
        -: 1158:	{
    #####: 1159:	  if (i != currentPlayer)
branch  0 never executed
branch  1 never executed
        -: 1160:	    {
    #####: 1161:	      for (j = 0; j < state->handCount[i]; j++)
branch  0 never executed
branch  1 never executed
        -: 1162:		{
    #####: 1163:		  if (state->hand[i][j] == copper)
branch  0 never executed
branch  1 never executed
        -: 1164:		    {
    #####: 1165:		      discardCard(j, i, state, 0);
call    0 never executed
    #####: 1166:		      break;
        -: 1167:		    }
    #####: 1168:		  if (j == state->handCount[i])
branch  0 never executed
branch  1 never executed
        -: 1169:		    {
    #####: 1170:		      for (k = 0; k < state->handCount[i]; k++)
branch  0 never executed
branch  1 never executed
        -: 1171:			{
        -: 1172:			  if (DEBUG)
        -: 1173:			    printf("Player %d reveals card number %d\n", i, state->hand[i][k]);
        -: 1174:			}	
    #####: 1175:		      break;
        -: 1176:		    }		
        -: 1177:		}
        -: 1178:					
        -: 1179:	    }
        -: 1180:				
        -: 1181:	}				
        -: 1182:
        -: 1183:      //discard played card from hand
    #####: 1184:      discardCard(handPos, currentPlayer, state, 0);			
call    0 never executed
        -: 1185:
    #####: 1186:      return 0;
        -: 1187:
        -: 1188:		
    #####: 1189:    case embargo: return embargoEffect(handPos, state, choice1);
call    0 never executed
        -: 1190:		
    #####: 1191:    case outpost: return outpostEffect(handPos, state);
call    0 never executed
        -: 1192:		
    #####: 1193:    case salvager:
        -: 1194:      //+1 buy
    #####: 1195:      state->numBuys++;
        -: 1196:			
    #####: 1197:      if (choice1)
branch  0 never executed
branch  1 never executed
        -: 1198:	{
        -: 1199:	  //gain coins equal to trashed card
    #####: 1200:	  state->coins = state->coins + getCost( handCard(choice1, state) );
call    0 never executed
call    1 never executed
        -: 1201:	  //trash card
    #####: 1202:	  discardCard(choice1, currentPlayer, state, 1);	
call    0 never executed
        -: 1203:	}
        -: 1204:			
        -: 1205:      //discard card
    #####: 1206:      discardCard(handPos, currentPlayer, state, 0);
call    0 never executed
    #####: 1207:      return 0;
        -: 1208:		
    #####: 1209:    case sea_hag:
    #####: 1210:      for (i = 0; i < state->numPlayers; i++){
branch  0 never executed
branch  1 never executed
    #####: 1211:	if (i != currentPlayer){
branch  0 never executed
branch  1 never executed
    #####: 1212:	  state->discard[i][state->discardCount[i]] = state->deck[i][state->deckCount[i]--];			    state->deckCount[i]--;
    #####: 1213:	  state->discardCount[i]++;
    #####: 1214:	  state->deck[i][state->deckCount[i]--] = curse;//Top card now a curse
        -: 1215:	}
        -: 1216:      }
    #####: 1217:      return 0;
        -: 1218:		
        2: 1219:    case treasure_map:
        -: 1220:      //search hand for another treasure_map
        2: 1221:      index = -1;
        5: 1222:      for (i = 0; i < state->handCount[currentPlayer]; i++)
branch  0 taken 60%
branch  1 taken 40% (fallthrough)
        -: 1223:	{
        3: 1224:	  if (state->hand[currentPlayer][i] == treasure_map && i != handPos)
branch  0 taken 67% (fallthrough)
branch  1 taken 33%
branch  2 taken 0% (fallthrough)
branch  3 taken 100%
        -: 1225:	    {
    #####: 1226:	      index = i;
    #####: 1227:	      break;
        -: 1228:	    }
        -: 1229:	}
        2: 1230:      if (index > -1)
branch  0 taken 0% (fallthrough)
branch  1 taken 100%
        -: 1231:	{
        -: 1232:	  //trash both treasure cards
    #####: 1233:	  discardCard(handPos, currentPlayer, state, 1);
call    0 never executed
    #####: 1234:	  discardCard(index, currentPlayer, state, 1);
call    0 never executed
        -: 1235:
        -: 1236:	  //gain 4 Gold cards
    #####: 1237:	  for (i = 0; i < 4; i++)
branch  0 never executed
branch  1 never executed
        -: 1238:	    {
    #####: 1239:	      gainCard(gold, state, 1, currentPlayer);
call    0 never executed
        -: 1240:	    }
        -: 1241:				
        -: 1242:	  //return success
    #####: 1243:	  return 1;
        -: 1244:	}
        -: 1245:			
        -: 1246:      //no second treasure_map found in hand
        2: 1247:      return -1;
        -: 1248:    }
        -: 1249:	
    #####: 1250:  return -1;
        -: 1251:}
        -: 1252:
function discardCard called 2 returned 100% blocks executed 78%
        2: 1253:int discardCard(int handPos, int currentPlayer, struct gameState *state, int trashFlag)
        -: 1254:{
        -: 1255:	
        -: 1256:  //if card is not trashed, added to Played pile 
        2: 1257:  if (trashFlag < 1)
branch  0 taken 100% (fallthrough)
branch  1 taken 0%
        -: 1258:    {
        -: 1259:      //add card to played pile
        2: 1260:      state->playedCards[state->playedCardCount] = state->hand[currentPlayer][handPos]; 
        2: 1261:      state->playedCardCount++;
        -: 1262:    }
        -: 1263:	
        -: 1264:  //set played card to -1
        2: 1265:  state->hand[currentPlayer][handPos] = -1;
        -: 1266:	
        -: 1267:  //remove card from player's hand
        2: 1268:  if ( handPos == (state->handCount[currentPlayer] - 1) ) 	//last card in hand array is played
branch  0 taken 0% (fallthrough)
branch  1 taken 100%
        -: 1269:    {
        -: 1270:      //reduce number of cards in hand
    #####: 1271:      state->handCount[currentPlayer]--;
        -: 1272:    }
        2: 1273:  else if ( state->handCount[currentPlayer] == 1 ) //only one card in hand
branch  0 taken 0% (fallthrough)
branch  1 taken 100%
        -: 1274:    {
        -: 1275:      //reduce number of cards in hand
    #####: 1276:      state->handCount[currentPlayer]--;
        -: 1277:    }
        -: 1278:  else 	
        -: 1279:    {
        -: 1280:      //replace discarded card with last card in hand
        2: 1281:      state->hand[currentPlayer][handPos] = state->hand[currentPlayer][ (state->handCount[currentPlayer] - 1)];
        -: 1282:      //set last card to -1
        2: 1283:      state->hand[currentPlayer][state->handCount[currentPlayer] - 1] = -1;
        -: 1284:      //reduce number of cards in hand
        2: 1285:      state->handCount[currentPlayer]--;
        -: 1286:    }
        -: 1287:	
        2: 1288:  return 0;
        -: 1289:}
        -: 1290:
function gainCard called 2 returned 100% blocks executed 70%
        2: 1291:int gainCard(int supplyPos, struct gameState *state, int toFlag, int player)
        -: 1292:{
        -: 1293:  //Note: supplyPos is enum of choosen card
        -: 1294:	
        -: 1295:  //check if supply pile is empty (0) or card is not used in game (-1)
        2: 1296:  if ( supplyCount(supplyPos, state) < 1 )
call    0 returned 100%
branch  1 taken 0% (fallthrough)
branch  2 taken 100%
        -: 1297:    {
    #####: 1298:      return -1;
        -: 1299:    }
        -: 1300:	
        -: 1301:  //added card for [whoseTurn] current player:
        -: 1302:  // toFlag = 0 : add to discard
        -: 1303:  // toFlag = 1 : add to deck
        -: 1304:  // toFlag = 2 : add to hand
        -: 1305:
        2: 1306:  if (toFlag == 1)
branch  0 taken 0% (fallthrough)
branch  1 taken 100%
        -: 1307:    {
    #####: 1308:      state->deck[ player ][ state->deckCount[player] ] = supplyPos;
    #####: 1309:      state->deckCount[player]++;
        -: 1310:    }
        2: 1311:  else if (toFlag == 2)
branch  0 taken 0% (fallthrough)
branch  1 taken 100%
        -: 1312:    {
    #####: 1313:      state->hand[ player ][ state->handCount[player] ] = supplyPos;
    #####: 1314:      state->handCount[player]++;
        -: 1315:    }
        -: 1316:  else
        -: 1317:    {
        2: 1318:      state->discard[player][ state->discardCount[player] ] = supplyPos;
        2: 1319:      state->discardCount[player]++;
        -: 1320:    }
        -: 1321:	
        -: 1322:  //decrease number in supply pile
        2: 1323:  state->supplyCount[supplyPos]--;
        -: 1324:	 
        2: 1325:  return 0;
        -: 1326:}
        -: 1327:
function updateCoins called 7 returned 100% blocks executed 82%
        7: 1328:int updateCoins(int player, struct gameState *state, int bonus)
        -: 1329:{
        -: 1330:  int i;
        -: 1331:	
        -: 1332:  //reset coin count
        7: 1333:  state->coins = 0;
        -: 1334:
        -: 1335:  //add coins for each Treasure card in player's hand
       42: 1336:  for (i = 0; i < state->handCount[player]; i++)
branch  0 taken 83%
branch  1 taken 17% (fallthrough)
        -: 1337:    {
       35: 1338:      if (state->hand[player][i] == copper)
branch  0 taken 80% (fallthrough)
branch  1 taken 20%
        -: 1339:	{
       28: 1340:	  state->coins += 1;
        -: 1341:	}
        7: 1342:      else if (state->hand[player][i] == silver)
branch  0 taken 0% (fallthrough)
branch  1 taken 100%
        -: 1343:	{
    #####: 1344:	  state->coins += 2;
        -: 1345:	}
        7: 1346:      else if (state->hand[player][i] == gold)
branch  0 taken 0% (fallthrough)
branch  1 taken 100%
        -: 1347:	{
    #####: 1348:	  state->coins += 3;
        -: 1349:	}	
        -: 1350:    }	
        -: 1351:
        -: 1352:  //add bonus
        7: 1353:  state->coins += bonus;
        -: 1354:
        7: 1355:  return 0;
        -: 1356:}
        -: 1357:
        -: 1358:
        -: 1359://end of dominion.c
        -: 1360:
